<?xml version="1.0" encoding="UTF-8"?>
<!-- Generated by org.testng.reporters.JUnitXMLReporter -->
<testsuite ignored="0" hostname="CSGBTPLT704" failures="1" tests="1" name="RegressionTest" time="22.859" errors="0" timestamp="2024-01-11T18:53:51 IST">
  <testcase classname="io.cucumber.testng.AbstractTestNGCucumberTests" name="runScenario" time="0.167">
    <failure type="java.lang.NullPointerException" message="Cannot invoke &amp;quot;org.openqa.selenium.TakesScreenshot.getScreenshotAs(org.openqa.selenium.OutputType)&amp;quot; because &amp;quot;screen&amp;quot; is null">
      <![CDATA[java.lang.NullPointerException: Cannot invoke "org.openqa.selenium.TakesScreenshot.getScreenshotAs(org.openqa.selenium.OutputType)" because "screen" is null
at TestComponents.BaseTest.captureScreenShot(BaseTest.java:226)
at TestComponents.BaseTest.reportScreenshot(BaseTest.java:221)
at Focus_MobileApp.StepDefinitions.Validate_Focus_Mobile_Application.i_have_a_physical_device(Validate_Focus_Mobile_Application.java:32)
at ✽.I have a physical device(file:///D:/Appium_Automation_Framework/Appium_Automation_FrameWork/src/test/java/Focus_MobileApp/Features/Validate%20Focus%20Mobile%20Application2.feature:11)
]]>
    </failure>
  </testcase> <!-- runScenario -->
</testsuite> <!-- RegressionTest -->
